九月 01, 2015 11:24:16 下午 org.apache.catalina.core.AprLifecycleListener init
信息: The APR based Apache Tomcat Native library which allows optimal performance in production environments was not found on the java.library.path: /Users/qitmac000224/Library/Java/Extensions:/Library/Java/Extensions:/Network/Library/Java/Extensions:/System/Library/Java/Extensions:/usr/lib/java:.
九月 01, 2015 11:24:17 下午 org.apache.coyote.http11.Http11Protocol init
信息: Initializing Coyote HTTP/1.1 on http-8080
九月 01, 2015 11:24:17 下午 org.apache.catalina.startup.Catalina load
信息: Initialization processed in 774 ms
九月 01, 2015 11:24:17 下午 org.apache.catalina.core.StandardService start
信息: Starting service Catalina
九月 01, 2015 11:24:17 下午 org.apache.catalina.core.StandardEngine start
信息: Starting Servlet Engine: Apache Tomcat/6.0.44
九月 01, 2015 11:24:17 下午 org.apache.catalina.startup.HostConfig deployDirectory
信息: Deploying web application directory docs
九月 01, 2015 11:24:17 下午 org.apache.catalina.startup.HostConfig deployDirectory
信息: Deploying web application directory examples
九月 01, 2015 11:24:17 下午 org.apache.catalina.startup.HostConfig deployDirectory
信息: Deploying web application directory host-manager
九月 01, 2015 11:24:17 下午 org.apache.catalina.startup.HostConfig deployDirectory
信息: Deploying web application directory manager
九月 01, 2015 11:24:17 下午 org.apache.catalina.startup.HostConfig deployDirectory
信息: Deploying web application directory ROOT
九月 01, 2015 11:24:17 下午 org.apache.coyote.http11.Http11Protocol start
信息: Starting Coyote HTTP/1.1 on http-8080
九月 01, 2015 11:24:18 下午 org.apache.jk.common.ChannelSocket init
信息: JK: ajp13 listening on /0.0.0.0:8009
九月 01, 2015 11:24:18 下午 org.apache.jk.server.JkMain start
信息: Jk running ID=0 time=1/12  config=null
九月 01, 2015 11:24:18 下午 org.apache.catalina.startup.Catalina start
信息: Server startup in 512 ms
九月 01, 2015 11:25:28 下午 org.apache.catalina.startup.HostConfig checkResources
信息: Reloading context []
九月 01, 2015 11:27:40 下午 org.apache.coyote.http11.Http11Protocol pause
信息: Pausing Coyote HTTP/1.1 on http-8080
九月 01, 2015 11:27:41 下午 org.apache.catalina.core.StandardService stop
信息: Stopping service Catalina
九月 01, 2015 11:27:41 下午 org.apache.coyote.http11.Http11Protocol destroy
信息: Stopping Coyote HTTP/1.1 on http-8080
九月 02, 2015 12:04:57 上午 org.apache.catalina.core.AprLifecycleListener init
信息: The APR based Apache Tomcat Native library which allows optimal performance in production environments was not found on the java.library.path: /Users/qitmac000224/Library/Java/Extensions:/Library/Java/Extensions:/Network/Library/Java/Extensions:/System/Library/Java/Extensions:/usr/lib/java:.
九月 02, 2015 12:04:58 上午 org.apache.coyote.http11.Http11Protocol init
信息: Initializing Coyote HTTP/1.1 on http-8080
九月 02, 2015 12:04:58 上午 org.apache.catalina.startup.Catalina load
信息: Initialization processed in 461 ms
九月 02, 2015 12:04:58 上午 org.apache.catalina.core.StandardService start
信息: Starting service Catalina
九月 02, 2015 12:04:58 上午 org.apache.catalina.core.StandardEngine start
信息: Starting Servlet Engine: Apache Tomcat/6.0.44
九月 02, 2015 12:04:58 上午 org.apache.catalina.startup.HostConfig deployDescriptor
信息: Deploying configuration descriptor host-manager.xml
九月 02, 2015 12:04:58 上午 org.apache.catalina.startup.HostConfig deployDescriptor
信息: Deploying configuration descriptor manager.xml
九月 02, 2015 12:04:58 上午 org.apache.catalina.startup.HostConfig deployDirectory
信息: Deploying web application directory docs
九月 02, 2015 12:04:58 上午 org.apache.catalina.startup.HostConfig deployDirectory
信息: Deploying web application directory examples
九月 02, 2015 12:04:58 上午 org.apache.catalina.startup.HostConfig deployDirectory
信息: Deploying web application directory ROOT
九月 02, 2015 12:04:58 上午 org.apache.coyote.http11.Http11Protocol start
信息: Starting Coyote HTTP/1.1 on http-8080
九月 02, 2015 12:04:58 上午 org.apache.jk.common.ChannelSocket init
信息: JK: ajp13 listening on /0.0.0.0:8009
九月 02, 2015 12:04:58 上午 org.apache.jk.server.JkMain start
信息: Jk running ID=0 time=0/12  config=null
九月 02, 2015 12:04:58 上午 org.apache.catalina.startup.Catalina start
信息: Server startup in 481 ms
九月 02, 2015 12:07:21 上午 org.apache.catalina.core.StandardServer await
警告: StandardServer.await: Invalid command '' received
九月 02, 2015 12:07:49 上午 org.apache.catalina.core.StandardServer await
警告: StandardServer.await: Invalid command '' received
九月 02, 2015 12:08:30 上午 org.apache.catalina.core.StandardServer await
警告: StandardServer.await: Invalid command '' received
九月 02, 2015 12:08:55 上午 org.apache.catalina.core.StandardServer await
警告: StandardServer.await: Invalid command '' received
九月 02, 2015 12:11:11 上午 org.apache.coyote.http11.Http11Protocol pause
信息: Pausing Coyote HTTP/1.1 on http-8080
九月 02, 2015 12:11:12 上午 org.apache.catalina.core.StandardService stop
信息: Stopping service Catalina
九月 02, 2015 12:11:12 上午 org.apache.coyote.http11.Http11Protocol destroy
信息: Stopping Coyote HTTP/1.1 on http-8080
九月 02, 2015 12:19:53 上午 org.apache.catalina.core.AprLifecycleListener init
信息: The APR based Apache Tomcat Native library which allows optimal performance in production environments was not found on the java.library.path: /Users/qitmac000224/Library/Java/Extensions:/Library/Java/Extensions:/Network/Library/Java/Extensions:/System/Library/Java/Extensions:/usr/lib/java:.
九月 02, 2015 12:19:54 上午 org.apache.coyote.http11.Http11Protocol init
信息: Initializing Coyote HTTP/1.1 on http-8080
九月 02, 2015 12:19:54 上午 org.apache.catalina.startup.Catalina load
信息: Initialization processed in 421 ms
九月 02, 2015 12:19:54 上午 org.apache.catalina.core.StandardService start
信息: Starting service Catalina
九月 02, 2015 12:19:54 上午 org.apache.catalina.core.StandardEngine start
信息: Starting Servlet Engine: Apache Tomcat/6.0.44
九月 02, 2015 12:19:54 上午 org.apache.catalina.startup.HostConfig deployDescriptor
信息: Deploying configuration descriptor host-manager.xml
九月 02, 2015 12:19:54 上午 org.apache.catalina.startup.HostConfig deployDescriptor
信息: Deploying configuration descriptor manager.xml
九月 02, 2015 12:19:54 上午 org.apache.catalina.startup.HostConfig deployDirectory
信息: Deploying web application directory docs
九月 02, 2015 12:19:54 上午 org.apache.catalina.startup.HostConfig deployDirectory
信息: Deploying web application directory examples
九月 02, 2015 12:19:54 上午 org.apache.catalina.startup.HostConfig deployDirectory
信息: Deploying web application directory ROOT
九月 02, 2015 12:19:54 上午 org.apache.catalina.loader.WebappClassLoader validateJarFile
信息: validateJarFile(/Users/qitmac000224/Desktop/apache-tomcat-6.0.44/webapps/ROOT/WEB-INF/lib/servlet-api-2.5.jar) - jar not loaded. See Servlet Spec 2.3, section 9.7.2. Offending class: javax/servlet/Servlet.class
九月 02, 2015 12:19:54 上午 org.apache.coyote.http11.Http11Protocol start
信息: Starting Coyote HTTP/1.1 on http-8080
九月 02, 2015 12:19:54 上午 org.apache.jk.common.ChannelSocket init
信息: JK: ajp13 listening on /0.0.0.0:8009
九月 02, 2015 12:19:54 上午 org.apache.jk.server.JkMain start
信息: Jk running ID=0 time=0/11  config=null
九月 02, 2015 12:19:54 上午 org.apache.catalina.startup.Catalina start
信息: Server startup in 466 ms
九月 02, 2015 12:20:37 上午 org.apache.coyote.http11.Http11Protocol pause
信息: Pausing Coyote HTTP/1.1 on http-8080
九月 02, 2015 12:20:38 上午 org.apache.catalina.core.StandardService stop
信息: Stopping service Catalina
九月 02, 2015 12:20:38 上午 org.apache.coyote.http11.Http11Protocol destroy
信息: Stopping Coyote HTTP/1.1 on http-8080
九月 02, 2015 12:20:48 上午 org.apache.catalina.core.AprLifecycleListener init
信息: The APR based Apache Tomcat Native library which allows optimal performance in production environments was not found on the java.library.path: /Users/qitmac000224/Library/Java/Extensions:/Library/Java/Extensions:/Network/Library/Java/Extensions:/System/Library/Java/Extensions:/usr/lib/java:.
九月 02, 2015 12:20:48 上午 org.apache.coyote.http11.Http11Protocol init
信息: Initializing Coyote HTTP/1.1 on http-8080
九月 02, 2015 12:20:48 上午 org.apache.catalina.startup.Catalina load
信息: Initialization processed in 444 ms
九月 02, 2015 12:20:48 上午 org.apache.catalina.core.StandardService start
信息: Starting service Catalina
九月 02, 2015 12:20:48 上午 org.apache.catalina.core.StandardEngine start
信息: Starting Servlet Engine: Apache Tomcat/6.0.44
九月 02, 2015 12:20:48 上午 org.apache.catalina.startup.HostConfig deployDescriptor
信息: Deploying configuration descriptor host-manager.xml
九月 02, 2015 12:20:48 上午 org.apache.catalina.startup.HostConfig deployDescriptor
信息: Deploying configuration descriptor manager.xml
九月 02, 2015 12:20:48 上午 org.apache.catalina.startup.HostConfig deployDirectory
信息: Deploying web application directory docs
九月 02, 2015 12:20:48 上午 org.apache.catalina.startup.HostConfig deployDirectory
信息: Deploying web application directory examples
九月 02, 2015 12:20:48 上午 org.apache.catalina.startup.HostConfig deployDirectory
信息: Deploying web application directory ROOT
九月 02, 2015 12:20:48 上午 org.apache.catalina.loader.WebappClassLoader validateJarFile
信息: validateJarFile(/Users/qitmac000224/Desktop/apache-tomcat-6.0.44/webapps/ROOT/WEB-INF/lib/servlet-api-2.5.jar) - jar not loaded. See Servlet Spec 2.3, section 9.7.2. Offending class: javax/servlet/Servlet.class
九月 02, 2015 12:20:48 上午 org.apache.coyote.http11.Http11Protocol start
信息: Starting Coyote HTTP/1.1 on http-8080
九月 02, 2015 12:20:48 上午 org.apache.jk.common.ChannelSocket init
信息: JK: ajp13 listening on /0.0.0.0:8009
九月 02, 2015 12:20:48 上午 org.apache.jk.server.JkMain start
信息: Jk running ID=0 time=0/25  config=null
九月 02, 2015 12:20:48 上午 org.apache.catalina.startup.Catalina start
信息: Server startup in 593 ms
九月 02, 2015 12:28:17 上午 org.apache.catalina.core.StandardServer await
警告: StandardServer.await: Invalid command '' received
九月 02, 2015 12:28:34 上午 org.apache.catalina.core.StandardServer await
警告: StandardServer.await: Invalid command '' received
九月 02, 2015 12:28:54 上午 org.apache.catalina.core.StandardServer await
警告: StandardServer.await: Invalid command '' received
九月 02, 2015 12:29:45 上午 org.apache.catalina.core.StandardServer await
警告: StandardServer.await: Invalid command '' received
九月 02, 2015 12:30:51 上午 org.apache.catalina.core.StandardServer await
警告: StandardServer.await: Invalid command '' received
九月 02, 2015 12:31:29 上午 org.apache.catalina.core.StandardServer await
警告: StandardServer.await: Invalid command '' received
九月 02, 2015 12:31:38 上午 org.apache.catalina.core.StandardServer await
警告: StandardServer.await: Invalid command '' received
九月 02, 2015 12:31:58 上午 org.apache.catalina.core.StandardServer await
警告: StandardServer.await: Invalid command '' received
九月 02, 2015 12:33:09 上午 org.apache.catalina.startup.HostConfig checkResources
信息: Reloading context []
九月 02, 2015 12:33:09 上午 org.apache.catalina.loader.WebappClassLoader validateJarFile
信息: validateJarFile(/Users/qitmac000224/Desktop/apache-tomcat-6.0.44/webapps/ROOT/WEB-INF/lib/servlet-api-2.5.jar) - jar not loaded. See Servlet Spec 2.3, section 9.7.2. Offending class: javax/servlet/Servlet.class
九月 02, 2015 12:33:10 上午 org.apache.coyote.http11.Http11Protocol pause
信息: Pausing Coyote HTTP/1.1 on http-8080
九月 02, 2015 12:33:11 上午 org.apache.catalina.core.StandardService stop
信息: Stopping service Catalina
九月 02, 2015 12:33:11 上午 org.apache.coyote.http11.Http11Protocol destroy
信息: Stopping Coyote HTTP/1.1 on http-8080
九月 02, 2015 12:33:19 上午 org.apache.catalina.core.AprLifecycleListener init
信息: The APR based Apache Tomcat Native library which allows optimal performance in production environments was not found on the java.library.path: /Users/qitmac000224/Library/Java/Extensions:/Library/Java/Extensions:/Network/Library/Java/Extensions:/System/Library/Java/Extensions:/usr/lib/java:.
九月 02, 2015 12:33:19 上午 org.apache.coyote.http11.Http11Protocol init
信息: Initializing Coyote HTTP/1.1 on http-8080
九月 02, 2015 12:33:19 上午 org.apache.catalina.startup.Catalina load
信息: Initialization processed in 443 ms
九月 02, 2015 12:33:19 上午 org.apache.catalina.core.StandardService start
信息: Starting service Catalina
九月 02, 2015 12:33:19 上午 org.apache.catalina.core.StandardEngine start
信息: Starting Servlet Engine: Apache Tomcat/6.0.44
九月 02, 2015 12:33:19 上午 org.apache.catalina.startup.HostConfig deployDescriptor
信息: Deploying configuration descriptor host-manager.xml
九月 02, 2015 12:33:19 上午 org.apache.catalina.startup.HostConfig deployDescriptor
信息: Deploying configuration descriptor manager.xml
九月 02, 2015 12:33:19 上午 org.apache.catalina.startup.HostConfig deployDirectory
信息: Deploying web application directory docs
九月 02, 2015 12:33:19 上午 org.apache.catalina.startup.HostConfig deployDirectory
信息: Deploying web application directory examples
九月 02, 2015 12:33:19 上午 org.apache.catalina.startup.HostConfig deployDirectory
信息: Deploying web application directory ROOT
九月 02, 2015 12:33:19 上午 org.apache.catalina.loader.WebappClassLoader validateJarFile
信息: validateJarFile(/Users/qitmac000224/Desktop/apache-tomcat-6.0.44/webapps/ROOT/WEB-INF/lib/servlet-api-2.5.jar) - jar not loaded. See Servlet Spec 2.3, section 9.7.2. Offending class: javax/servlet/Servlet.class
九月 02, 2015 12:33:20 上午 org.apache.coyote.http11.Http11Protocol start
信息: Starting Coyote HTTP/1.1 on http-8080
九月 02, 2015 12:33:20 上午 org.apache.jk.common.ChannelSocket init
信息: JK: ajp13 listening on /0.0.0.0:8009
九月 02, 2015 12:33:20 上午 org.apache.jk.server.JkMain start
信息: Jk running ID=0 time=0/13  config=null
九月 02, 2015 12:33:20 上午 org.apache.catalina.startup.Catalina start
信息: Server startup in 460 ms
java.io.FileNotFoundException: test.json (No such file or directory)
	at java.io.FileInputStream.open0(Native Method)
	at java.io.FileInputStream.open(FileInputStream.java:195)
	at java.io.FileInputStream.<init>(FileInputStream.java:138)
	at java.io.FileReader.<init>(FileReader.java:72)
	at com.qunar.common.web.Main.readFileByLines(Main.java:85)
	at com.qunar.common.web.Main.doPost(Main.java:62)
	at com.qunar.common.web.Main.doGet(Main.java:45)
	at javax.servlet.http.HttpServlet.service(HttpServlet.java:617)
	at javax.servlet.http.HttpServlet.service(HttpServlet.java:723)
	at org.apache.catalina.core.ApplicationFilterChain.internalDoFilter(ApplicationFilterChain.java:290)
	at org.apache.catalina.core.ApplicationFilterChain.doFilter(ApplicationFilterChain.java:206)
	at org.apache.catalina.core.StandardWrapperValve.invoke(StandardWrapperValve.java:233)
	at org.apache.catalina.core.StandardContextValve.invoke(StandardContextValve.java:191)
	at org.apache.catalina.core.StandardHostValve.invoke(StandardHostValve.java:127)
	at org.apache.catalina.valves.ErrorReportValve.invoke(ErrorReportValve.java:103)
	at org.apache.catalina.core.StandardEngineValve.invoke(StandardEngineValve.java:109)
	at org.apache.catalina.connector.CoyoteAdapter.service(CoyoteAdapter.java:293)
	at org.apache.coyote.http11.Http11Processor.process(Http11Processor.java:861)
	at org.apache.coyote.http11.Http11Protocol$Http11ConnectionHandler.process(Http11Protocol.java:620)
	at org.apache.tomcat.util.net.JIoEndpoint$Worker.run(JIoEndpoint.java:489)
	at java.lang.Thread.run(Thread.java:745)
九月 02, 2015 12:34:30 上午 org.apache.coyote.http11.Http11Protocol pause
信息: Pausing Coyote HTTP/1.1 on http-8080
九月 02, 2015 12:34:31 上午 org.apache.catalina.core.StandardService stop
信息: Stopping service Catalina
九月 02, 2015 12:34:31 上午 org.apache.coyote.http11.Http11Protocol destroy
信息: Stopping Coyote HTTP/1.1 on http-8080
九月 02, 2015 12:54:32 上午 org.apache.catalina.core.AprLifecycleListener init
信息: The APR based Apache Tomcat Native library which allows optimal performance in production environments was not found on the java.library.path: /Users/qitmac000224/Library/Java/Extensions:/Library/Java/Extensions:/Network/Library/Java/Extensions:/System/Library/Java/Extensions:/usr/lib/java:.
九月 02, 2015 12:54:33 上午 org.apache.coyote.http11.Http11Protocol init
信息: Initializing Coyote HTTP/1.1 on http-8080
九月 02, 2015 12:54:33 上午 org.apache.catalina.startup.Catalina load
信息: Initialization processed in 445 ms
九月 02, 2015 12:54:33 上午 org.apache.catalina.core.StandardService start
信息: Starting service Catalina
九月 02, 2015 12:54:33 上午 org.apache.catalina.core.StandardEngine start
信息: Starting Servlet Engine: Apache Tomcat/6.0.44
九月 02, 2015 12:54:33 上午 org.apache.catalina.startup.HostConfig deployDescriptor
信息: Deploying configuration descriptor host-manager.xml
九月 02, 2015 12:54:33 上午 org.apache.catalina.startup.HostConfig deployDescriptor
信息: Deploying configuration descriptor manager.xml
九月 02, 2015 12:54:33 上午 org.apache.catalina.startup.HostConfig deployDirectory
信息: Deploying web application directory docs
九月 02, 2015 12:54:33 上午 org.apache.catalina.startup.HostConfig deployDirectory
信息: Deploying web application directory examples
九月 02, 2015 12:54:33 上午 org.apache.catalina.startup.HostConfig deployDirectory
信息: Deploying web application directory ROOT
九月 02, 2015 12:54:33 上午 org.apache.catalina.loader.WebappClassLoader validateJarFile
信息: validateJarFile(/Users/qitmac000224/Desktop/apache-tomcat-6.0.44/webapps/ROOT/WEB-INF/lib/servlet-api-2.5.jar) - jar not loaded. See Servlet Spec 2.3, section 9.7.2. Offending class: javax/servlet/Servlet.class
九月 02, 2015 12:54:33 上午 org.apache.coyote.http11.Http11Protocol start
信息: Starting Coyote HTTP/1.1 on http-8080
九月 02, 2015 12:54:33 上午 org.apache.jk.common.ChannelSocket init
信息: JK: ajp13 listening on /0.0.0.0:8009
九月 02, 2015 12:54:33 上午 org.apache.jk.server.JkMain start
信息: Jk running ID=0 time=0/13  config=null
九月 02, 2015 12:54:33 上午 org.apache.catalina.startup.Catalina start
信息: Server startup in 493 ms
java.io.FileNotFoundException: test.json (No such file or directory)
	at java.io.FileInputStream.open0(Native Method)
	at java.io.FileInputStream.open(FileInputStream.java:195)
	at java.io.FileInputStream.<init>(FileInputStream.java:138)
	at java.io.FileReader.<init>(FileReader.java:72)
	at com.qunar.common.web.Main.readFileByLines(Main.java:85)
	at com.qunar.common.web.Main.doPost(Main.java:62)
	at com.qunar.common.web.Main.doGet(Main.java:45)
	at javax.servlet.http.HttpServlet.service(HttpServlet.java:617)
	at javax.servlet.http.HttpServlet.service(HttpServlet.java:723)
	at org.apache.catalina.core.ApplicationFilterChain.internalDoFilter(ApplicationFilterChain.java:290)
	at org.apache.catalina.core.ApplicationFilterChain.doFilter(ApplicationFilterChain.java:206)
	at org.apache.catalina.core.StandardWrapperValve.invoke(StandardWrapperValve.java:233)
	at org.apache.catalina.core.StandardContextValve.invoke(StandardContextValve.java:191)
	at org.apache.catalina.core.StandardHostValve.invoke(StandardHostValve.java:127)
	at org.apache.catalina.valves.ErrorReportValve.invoke(ErrorReportValve.java:103)
	at org.apache.catalina.core.StandardEngineValve.invoke(StandardEngineValve.java:109)
	at org.apache.catalina.connector.CoyoteAdapter.service(CoyoteAdapter.java:293)
	at org.apache.coyote.http11.Http11Processor.process(Http11Processor.java:861)
	at org.apache.coyote.http11.Http11Protocol$Http11ConnectionHandler.process(Http11Protocol.java:620)
	at org.apache.tomcat.util.net.JIoEndpoint$Worker.run(JIoEndpoint.java:489)
	at java.lang.Thread.run(Thread.java:745)
java.io.FileNotFoundException: test.json (No such file or directory)
	at java.io.FileInputStream.open0(Native Method)
	at java.io.FileInputStream.open(FileInputStream.java:195)
	at java.io.FileInputStream.<init>(FileInputStream.java:138)
	at java.io.FileReader.<init>(FileReader.java:72)
	at com.qunar.common.web.Main.readFileByLines(Main.java:85)
	at com.qunar.common.web.Main.doPost(Main.java:62)
	at com.qunar.common.web.Main.doGet(Main.java:45)
	at javax.servlet.http.HttpServlet.service(HttpServlet.java:617)
	at javax.servlet.http.HttpServlet.service(HttpServlet.java:723)
	at org.apache.catalina.core.ApplicationFilterChain.internalDoFilter(ApplicationFilterChain.java:290)
	at org.apache.catalina.core.ApplicationFilterChain.doFilter(ApplicationFilterChain.java:206)
	at org.apache.catalina.core.StandardWrapperValve.invoke(StandardWrapperValve.java:233)
	at org.apache.catalina.core.StandardContextValve.invoke(StandardContextValve.java:191)
	at org.apache.catalina.core.StandardHostValve.invoke(StandardHostValve.java:127)
	at org.apache.catalina.valves.ErrorReportValve.invoke(ErrorReportValve.java:103)
	at org.apache.catalina.core.StandardEngineValve.invoke(StandardEngineValve.java:109)
	at org.apache.catalina.connector.CoyoteAdapter.service(CoyoteAdapter.java:293)
	at org.apache.coyote.http11.Http11Processor.process(Http11Processor.java:861)
	at org.apache.coyote.http11.Http11Protocol$Http11ConnectionHandler.process(Http11Protocol.java:620)
	at org.apache.tomcat.util.net.JIoEndpoint$Worker.run(JIoEndpoint.java:489)
	at java.lang.Thread.run(Thread.java:745)
java.io.FileNotFoundException: test.json (No such file or directory)
	at java.io.FileInputStream.open0(Native Method)
	at java.io.FileInputStream.open(FileInputStream.java:195)
	at java.io.FileInputStream.<init>(FileInputStream.java:138)
	at java.io.FileReader.<init>(FileReader.java:72)
	at com.qunar.common.web.Main.readFileByLines(Main.java:85)
	at com.qunar.common.web.Main.doPost(Main.java:62)
	at com.qunar.common.web.Main.doGet(Main.java:45)
	at javax.servlet.http.HttpServlet.service(HttpServlet.java:617)
	at javax.servlet.http.HttpServlet.service(HttpServlet.java:723)
	at org.apache.catalina.core.ApplicationFilterChain.internalDoFilter(ApplicationFilterChain.java:290)
	at org.apache.catalina.core.ApplicationFilterChain.doFilter(ApplicationFilterChain.java:206)
	at org.apache.catalina.core.StandardWrapperValve.invoke(StandardWrapperValve.java:233)
	at org.apache.catalina.core.StandardContextValve.invoke(StandardContextValve.java:191)
	at org.apache.catalina.core.StandardHostValve.invoke(StandardHostValve.java:127)
	at org.apache.catalina.valves.ErrorReportValve.invoke(ErrorReportValve.java:103)
	at org.apache.catalina.core.StandardEngineValve.invoke(StandardEngineValve.java:109)
	at org.apache.catalina.connector.CoyoteAdapter.service(CoyoteAdapter.java:293)
	at org.apache.coyote.http11.Http11Processor.process(Http11Processor.java:861)
	at org.apache.coyote.http11.Http11Protocol$Http11ConnectionHandler.process(Http11Protocol.java:620)
	at org.apache.tomcat.util.net.JIoEndpoint$Worker.run(JIoEndpoint.java:489)
	at java.lang.Thread.run(Thread.java:745)
九月 02, 2015 12:55:00 上午 org.apache.coyote.http11.Http11Protocol pause
信息: Pausing Coyote HTTP/1.1 on http-8080
九月 02, 2015 12:55:01 上午 org.apache.catalina.core.StandardService stop
信息: Stopping service Catalina
九月 02, 2015 12:55:01 上午 org.apache.coyote.http11.Http11Protocol destroy
信息: Stopping Coyote HTTP/1.1 on http-8080
九月 02, 2015 12:55:04 上午 org.apache.catalina.core.AprLifecycleListener init
信息: The APR based Apache Tomcat Native library which allows optimal performance in production environments was not found on the java.library.path: /Users/qitmac000224/Library/Java/Extensions:/Library/Java/Extensions:/Network/Library/Java/Extensions:/System/Library/Java/Extensions:/usr/lib/java:.
九月 02, 2015 12:55:05 上午 org.apache.coyote.http11.Http11Protocol init
信息: Initializing Coyote HTTP/1.1 on http-8080
九月 02, 2015 12:55:05 上午 org.apache.catalina.startup.Catalina load
信息: Initialization processed in 441 ms
九月 02, 2015 12:55:05 上午 org.apache.catalina.core.StandardService start
信息: Starting service Catalina
九月 02, 2015 12:55:05 上午 org.apache.catalina.core.StandardEngine start
信息: Starting Servlet Engine: Apache Tomcat/6.0.44
九月 02, 2015 12:55:05 上午 org.apache.catalina.startup.HostConfig deployDescriptor
信息: Deploying configuration descriptor host-manager.xml
九月 02, 2015 12:55:05 上午 org.apache.catalina.startup.HostConfig deployDescriptor
信息: Deploying configuration descriptor manager.xml
九月 02, 2015 12:55:05 上午 org.apache.catalina.startup.HostConfig deployDirectory
信息: Deploying web application directory docs
九月 02, 2015 12:55:05 上午 org.apache.catalina.startup.HostConfig deployDirectory
信息: Deploying web application directory examples
九月 02, 2015 12:55:05 上午 org.apache.catalina.startup.HostConfig deployDirectory
信息: Deploying web application directory ROOT
九月 02, 2015 12:55:05 上午 org.apache.catalina.loader.WebappClassLoader validateJarFile
信息: validateJarFile(/Users/qitmac000224/Desktop/apache-tomcat-6.0.44/webapps/ROOT/WEB-INF/lib/servlet-api-2.5.jar) - jar not loaded. See Servlet Spec 2.3, section 9.7.2. Offending class: javax/servlet/Servlet.class
九月 02, 2015 12:55:05 上午 org.apache.coyote.http11.Http11Protocol start
信息: Starting Coyote HTTP/1.1 on http-8080
九月 02, 2015 12:55:05 上午 org.apache.jk.common.ChannelSocket init
信息: JK: ajp13 listening on /0.0.0.0:8009
九月 02, 2015 12:55:05 上午 org.apache.jk.server.JkMain start
信息: Jk running ID=0 time=0/13  config=null
九月 02, 2015 12:55:05 上午 org.apache.catalina.startup.Catalina start
信息: Server startup in 466 ms
java.io.FileNotFoundException: test.json (No such file or directory)
	at java.io.FileInputStream.open0(Native Method)
	at java.io.FileInputStream.open(FileInputStream.java:195)
	at java.io.FileInputStream.<init>(FileInputStream.java:138)
	at java.io.FileReader.<init>(FileReader.java:72)
	at com.qunar.common.web.Main.readFileByLines(Main.java:85)
	at com.qunar.common.web.Main.doPost(Main.java:62)
	at com.qunar.common.web.Main.doGet(Main.java:45)
	at javax.servlet.http.HttpServlet.service(HttpServlet.java:617)
	at javax.servlet.http.HttpServlet.service(HttpServlet.java:723)
	at org.apache.catalina.core.ApplicationFilterChain.internalDoFilter(ApplicationFilterChain.java:290)
	at org.apache.catalina.core.ApplicationFilterChain.doFilter(ApplicationFilterChain.java:206)
	at org.apache.catalina.core.StandardWrapperValve.invoke(StandardWrapperValve.java:233)
	at org.apache.catalina.core.StandardContextValve.invoke(StandardContextValve.java:191)
	at org.apache.catalina.core.StandardHostValve.invoke(StandardHostValve.java:127)
	at org.apache.catalina.valves.ErrorReportValve.invoke(ErrorReportValve.java:103)
	at org.apache.catalina.core.StandardEngineValve.invoke(StandardEngineValve.java:109)
	at org.apache.catalina.connector.CoyoteAdapter.service(CoyoteAdapter.java:293)
	at org.apache.coyote.http11.Http11Processor.process(Http11Processor.java:861)
	at org.apache.coyote.http11.Http11Protocol$Http11ConnectionHandler.process(Http11Protocol.java:620)
	at org.apache.tomcat.util.net.JIoEndpoint$Worker.run(JIoEndpoint.java:489)
	at java.lang.Thread.run(Thread.java:745)
九月 02, 2015 12:55:25 上午 org.apache.coyote.http11.Http11Protocol pause
信息: Pausing Coyote HTTP/1.1 on http-8080
九月 02, 2015 12:55:26 上午 org.apache.catalina.core.StandardService stop
信息: Stopping service Catalina
九月 02, 2015 12:55:26 上午 org.apache.coyote.http11.Http11Protocol destroy
信息: Stopping Coyote HTTP/1.1 on http-8080
九月 02, 2015 12:55:28 上午 org.apache.catalina.core.AprLifecycleListener init
信息: The APR based Apache Tomcat Native library which allows optimal performance in production environments was not found on the java.library.path: /Users/qitmac000224/Library/Java/Extensions:/Library/Java/Extensions:/Network/Library/Java/Extensions:/System/Library/Java/Extensions:/usr/lib/java:.
九月 02, 2015 12:55:28 上午 org.apache.coyote.http11.Http11Protocol init
信息: Initializing Coyote HTTP/1.1 on http-8080
九月 02, 2015 12:55:28 上午 org.apache.catalina.startup.Catalina load
信息: Initialization processed in 427 ms
九月 02, 2015 12:55:28 上午 org.apache.catalina.core.StandardService start
信息: Starting service Catalina
九月 02, 2015 12:55:28 上午 org.apache.catalina.core.StandardEngine start
信息: Starting Servlet Engine: Apache Tomcat/6.0.44
九月 02, 2015 12:55:28 上午 org.apache.catalina.startup.HostConfig deployDescriptor
信息: Deploying configuration descriptor host-manager.xml
九月 02, 2015 12:55:28 上午 org.apache.catalina.startup.HostConfig deployDescriptor
信息: Deploying configuration descriptor manager.xml
九月 02, 2015 12:55:28 上午 org.apache.catalina.startup.HostConfig deployDirectory
信息: Deploying web application directory docs
九月 02, 2015 12:55:28 上午 org.apache.catalina.startup.HostConfig deployDirectory
信息: Deploying web application directory examples
九月 02, 2015 12:55:28 上午 org.apache.catalina.startup.HostConfig deployDirectory
信息: Deploying web application directory ROOT
九月 02, 2015 12:55:28 上午 org.apache.catalina.loader.WebappClassLoader validateJarFile
信息: validateJarFile(/Users/qitmac000224/Desktop/apache-tomcat-6.0.44/webapps/ROOT/WEB-INF/lib/servlet-api-2.5.jar) - jar not loaded. See Servlet Spec 2.3, section 9.7.2. Offending class: javax/servlet/Servlet.class
九月 02, 2015 12:55:29 上午 org.apache.coyote.http11.Http11Protocol start
信息: Starting Coyote HTTP/1.1 on http-8080
九月 02, 2015 12:55:29 上午 org.apache.jk.common.ChannelSocket init
信息: JK: ajp13 listening on /0.0.0.0:8009
九月 02, 2015 12:55:29 上午 org.apache.jk.server.JkMain start
信息: Jk running ID=0 time=0/11  config=null
九月 02, 2015 12:55:29 上午 org.apache.catalina.startup.Catalina start
信息: Server startup in 454 ms
java.io.FileNotFoundException: test.json (No such file or directory)
	at java.io.FileInputStream.open0(Native Method)
	at java.io.FileInputStream.open(FileInputStream.java:195)
	at java.io.FileInputStream.<init>(FileInputStream.java:138)
	at java.io.FileReader.<init>(FileReader.java:72)
	at com.qunar.common.web.Main.readFileByLines(Main.java:85)
	at com.qunar.common.web.Main.doPost(Main.java:62)
	at com.qunar.common.web.Main.doGet(Main.java:45)
	at javax.servlet.http.HttpServlet.service(HttpServlet.java:617)
	at javax.servlet.http.HttpServlet.service(HttpServlet.java:723)
	at org.apache.catalina.core.ApplicationFilterChain.internalDoFilter(ApplicationFilterChain.java:290)
	at org.apache.catalina.core.ApplicationFilterChain.doFilter(ApplicationFilterChain.java:206)
	at org.apache.catalina.core.StandardWrapperValve.invoke(StandardWrapperValve.java:233)
	at org.apache.catalina.core.StandardContextValve.invoke(StandardContextValve.java:191)
	at org.apache.catalina.core.StandardHostValve.invoke(StandardHostValve.java:127)
	at org.apache.catalina.valves.ErrorReportValve.invoke(ErrorReportValve.java:103)
	at org.apache.catalina.core.StandardEngineValve.invoke(StandardEngineValve.java:109)
	at org.apache.catalina.connector.CoyoteAdapter.service(CoyoteAdapter.java:293)
	at org.apache.coyote.http11.Http11Processor.process(Http11Processor.java:861)
	at org.apache.coyote.http11.Http11Protocol$Http11ConnectionHandler.process(Http11Protocol.java:620)
	at org.apache.tomcat.util.net.JIoEndpoint$Worker.run(JIoEndpoint.java:489)
	at java.lang.Thread.run(Thread.java:745)
java.io.FileNotFoundException: test.json (No such file or directory)
	at java.io.FileInputStream.open0(Native Method)
	at java.io.FileInputStream.open(FileInputStream.java:195)
	at java.io.FileInputStream.<init>(FileInputStream.java:138)
	at java.io.FileReader.<init>(FileReader.java:72)
	at com.qunar.common.web.Main.readFileByLines(Main.java:85)
	at com.qunar.common.web.Main.doPost(Main.java:62)
	at com.qunar.common.web.Main.doGet(Main.java:45)
	at javax.servlet.http.HttpServlet.service(HttpServlet.java:617)
	at javax.servlet.http.HttpServlet.service(HttpServlet.java:723)
	at org.apache.catalina.core.ApplicationFilterChain.internalDoFilter(ApplicationFilterChain.java:290)
	at org.apache.catalina.core.ApplicationFilterChain.doFilter(ApplicationFilterChain.java:206)
	at org.apache.catalina.core.StandardWrapperValve.invoke(StandardWrapperValve.java:233)
	at org.apache.catalina.core.StandardContextValve.invoke(StandardContextValve.java:191)
	at org.apache.catalina.core.StandardHostValve.invoke(StandardHostValve.java:127)
	at org.apache.catalina.valves.ErrorReportValve.invoke(ErrorReportValve.java:103)
	at org.apache.catalina.core.StandardEngineValve.invoke(StandardEngineValve.java:109)
	at org.apache.catalina.connector.CoyoteAdapter.service(CoyoteAdapter.java:293)
	at org.apache.coyote.http11.Http11Processor.process(Http11Processor.java:861)
	at org.apache.coyote.http11.Http11Protocol$Http11ConnectionHandler.process(Http11Protocol.java:620)
	at org.apache.tomcat.util.net.JIoEndpoint$Worker.run(JIoEndpoint.java:489)
	at java.lang.Thread.run(Thread.java:745)
九月 02, 2015 1:06:20 上午 org.apache.catalina.core.StandardServer await
警告: StandardServer.await: Invalid command '' received
java.io.FileNotFoundException: test.json (No such file or directory)
	at java.io.FileInputStream.open0(Native Method)
	at java.io.FileInputStream.open(FileInputStream.java:195)
	at java.io.FileInputStream.<init>(FileInputStream.java:138)
	at java.io.FileReader.<init>(FileReader.java:72)
	at com.qunar.common.web.Main.readFileByLines(Main.java:85)
	at com.qunar.common.web.Main.doPost(Main.java:62)
	at com.qunar.common.web.Main.doGet(Main.java:45)
	at javax.servlet.http.HttpServlet.service(HttpServlet.java:617)
	at javax.servlet.http.HttpServlet.service(HttpServlet.java:723)
	at org.apache.catalina.core.ApplicationFilterChain.internalDoFilter(ApplicationFilterChain.java:290)
	at org.apache.catalina.core.ApplicationFilterChain.doFilter(ApplicationFilterChain.java:206)
	at org.apache.catalina.core.StandardWrapperValve.invoke(StandardWrapperValve.java:233)
	at org.apache.catalina.core.StandardContextValve.invoke(StandardContextValve.java:191)
	at org.apache.catalina.core.StandardHostValve.invoke(StandardHostValve.java:127)
	at org.apache.catalina.valves.ErrorReportValve.invoke(ErrorReportValve.java:103)
	at org.apache.catalina.core.StandardEngineValve.invoke(StandardEngineValve.java:109)
	at org.apache.catalina.connector.CoyoteAdapter.service(CoyoteAdapter.java:293)
	at org.apache.coyote.http11.Http11Processor.process(Http11Processor.java:861)
	at org.apache.coyote.http11.Http11Protocol$Http11ConnectionHandler.process(Http11Protocol.java:620)
	at org.apache.tomcat.util.net.JIoEndpoint$Worker.run(JIoEndpoint.java:489)
	at java.lang.Thread.run(Thread.java:745)
java.io.FileNotFoundException: test.json (No such file or directory)
	at java.io.FileInputStream.open0(Native Method)
	at java.io.FileInputStream.open(FileInputStream.java:195)
	at java.io.FileInputStream.<init>(FileInputStream.java:138)
	at java.io.FileReader.<init>(FileReader.java:72)
	at com.qunar.common.web.Main.readFileByLines(Main.java:85)
	at com.qunar.common.web.Main.doPost(Main.java:62)
	at com.qunar.common.web.Main.doGet(Main.java:45)
	at javax.servlet.http.HttpServlet.service(HttpServlet.java:617)
	at javax.servlet.http.HttpServlet.service(HttpServlet.java:723)
	at org.apache.catalina.core.ApplicationFilterChain.internalDoFilter(ApplicationFilterChain.java:290)
	at org.apache.catalina.core.ApplicationFilterChain.doFilter(ApplicationFilterChain.java:206)
	at org.apache.catalina.core.StandardWrapperValve.invoke(StandardWrapperValve.java:233)
	at org.apache.catalina.core.StandardContextValve.invoke(StandardContextValve.java:191)
	at org.apache.catalina.core.StandardHostValve.invoke(StandardHostValve.java:127)
	at org.apache.catalina.valves.ErrorReportValve.invoke(ErrorReportValve.java:103)
	at org.apache.catalina.core.StandardEngineValve.invoke(StandardEngineValve.java:109)
	at org.apache.catalina.connector.CoyoteAdapter.service(CoyoteAdapter.java:293)
	at org.apache.coyote.http11.Http11Processor.process(Http11Processor.java:861)
	at org.apache.coyote.http11.Http11Protocol$Http11ConnectionHandler.process(Http11Protocol.java:620)
	at org.apache.tomcat.util.net.JIoEndpoint$Worker.run(JIoEndpoint.java:489)
	at java.lang.Thread.run(Thread.java:745)
java.io.FileNotFoundException: test.json (No such file or directory)
	at java.io.FileInputStream.open0(Native Method)
	at java.io.FileInputStream.open(FileInputStream.java:195)
	at java.io.FileInputStream.<init>(FileInputStream.java:138)
	at java.io.FileReader.<init>(FileReader.java:72)
	at com.qunar.common.web.Main.readFileByLines(Main.java:85)
	at com.qunar.common.web.Main.doPost(Main.java:62)
	at com.qunar.common.web.Main.doGet(Main.java:45)
	at javax.servlet.http.HttpServlet.service(HttpServlet.java:617)
	at javax.servlet.http.HttpServlet.service(HttpServlet.java:723)
	at org.apache.catalina.core.ApplicationFilterChain.internalDoFilter(ApplicationFilterChain.java:290)
	at org.apache.catalina.core.ApplicationFilterChain.doFilter(ApplicationFilterChain.java:206)
	at org.apache.catalina.core.StandardWrapperValve.invoke(StandardWrapperValve.java:233)
	at org.apache.catalina.core.StandardContextValve.invoke(StandardContextValve.java:191)
	at org.apache.catalina.core.StandardHostValve.invoke(StandardHostValve.java:127)
	at org.apache.catalina.valves.ErrorReportValve.invoke(ErrorReportValve.java:103)
	at org.apache.catalina.core.StandardEngineValve.invoke(StandardEngineValve.java:109)
	at org.apache.catalina.connector.CoyoteAdapter.service(CoyoteAdapter.java:293)
	at org.apache.coyote.http11.Http11Processor.process(Http11Processor.java:861)
	at org.apache.coyote.http11.Http11Protocol$Http11ConnectionHandler.process(Http11Protocol.java:620)
	at org.apache.tomcat.util.net.JIoEndpoint$Worker.run(JIoEndpoint.java:489)
	at java.lang.Thread.run(Thread.java:745)
九月 02, 2015 1:06:39 上午 org.apache.coyote.http11.Http11Protocol pause
信息: Pausing Coyote HTTP/1.1 on http-8080
九月 02, 2015 1:06:40 上午 org.apache.catalina.core.StandardService stop
信息: Stopping service Catalina
九月 02, 2015 1:06:40 上午 org.apache.coyote.http11.Http11Protocol destroy
信息: Stopping Coyote HTTP/1.1 on http-8080
九月 02, 2015 1:13:09 上午 org.apache.catalina.core.AprLifecycleListener init
信息: The APR based Apache Tomcat Native library which allows optimal performance in production environments was not found on the java.library.path: /Users/qitmac000224/Library/Java/Extensions:/Library/Java/Extensions:/Network/Library/Java/Extensions:/System/Library/Java/Extensions:/usr/lib/java:.
九月 02, 2015 1:13:10 上午 org.apache.coyote.http11.Http11Protocol init
信息: Initializing Coyote HTTP/1.1 on http-8080
九月 02, 2015 1:13:10 上午 org.apache.catalina.startup.Catalina load
信息: Initialization processed in 463 ms
九月 02, 2015 1:13:10 上午 org.apache.catalina.core.StandardService start
信息: Starting service Catalina
九月 02, 2015 1:13:10 上午 org.apache.catalina.core.StandardEngine start
信息: Starting Servlet Engine: Apache Tomcat/6.0.44
九月 02, 2015 1:13:10 上午 org.apache.catalina.startup.HostConfig deployDescriptor
信息: Deploying configuration descriptor host-manager.xml
九月 02, 2015 1:13:10 上午 org.apache.catalina.startup.HostConfig deployDescriptor
信息: Deploying configuration descriptor manager.xml
九月 02, 2015 1:13:10 上午 org.apache.catalina.startup.HostConfig deployDirectory
信息: Deploying web application directory docs
九月 02, 2015 1:13:10 上午 org.apache.catalina.startup.HostConfig deployDirectory
信息: Deploying web application directory examples
九月 02, 2015 1:13:10 上午 org.apache.catalina.startup.HostConfig deployDirectory
信息: Deploying web application directory ROOT
九月 02, 2015 1:13:10 上午 org.apache.coyote.http11.Http11Protocol start
信息: Starting Coyote HTTP/1.1 on http-8080
九月 02, 2015 1:13:10 上午 org.apache.jk.common.ChannelSocket init
信息: JK: ajp13 listening on /0.0.0.0:8009
九月 02, 2015 1:13:10 上午 org.apache.jk.server.JkMain start
信息: Jk running ID=0 time=0/13  config=null
九月 02, 2015 1:13:10 上午 org.apache.catalina.startup.Catalina start
信息: Server startup in 484 ms
九月 02, 2015 1:13:58 上午 org.apache.coyote.http11.Http11Protocol pause
信息: Pausing Coyote HTTP/1.1 on http-8080
九月 02, 2015 1:13:59 上午 org.apache.catalina.core.StandardService stop
信息: Stopping service Catalina
九月 02, 2015 1:13:59 上午 org.apache.coyote.http11.Http11Protocol destroy
信息: Stopping Coyote HTTP/1.1 on http-8080
